2025-10-19 07:53:57 [ERROR] utilities.memcached_utils: Error while adding Bearer eyJhbGciOiJIUzI1NiIsInR5cCI6IkpXVCJ9.eyJlbWFpbCI6InZpc2h1NEBleGFtcGxlLmNvbSIsInJvbGUiOiJ1c2VyIiwiZXhwIjoxNzYwODYxMDE1fQ.IIOZ6tjsq3WDNtX2uc1FsH06SwTogcFqy7sxLx1kHG0 in memcache. Error Key contains whitespace: b'Bearer eyJhbGciOiJIUzI1NiIsInR5cCI6IkpXVCJ9.eyJlbWFpbCI6InZpc2h1NEBleGFtcGxlLmNvbSIsInJvbGUiOiJ1c2VyIiwiZXhwIjoxNzYwODYxMDE1fQ.IIOZ6tjsq3WDNtX2uc1FsH06SwTogcFqy7sxLx1kHG0'
Traceback (most recent call last):
  File "/app/utilities/memcached_utils.py", line 21, in set_cache
    client.set(key, value, expire)
  File "/usr/local/lib/python3.10/site-packages/pymemcache/client/base.py", line 475, in set
    return self._store_cmd(b"set", {key: value}, expire, noreply, flags=flags)[key]
  File "/usr/local/lib/python3.10/site-packages/pymemcache/client/base.py", line 1195, in _store_cmd
    key = self.check_key(key, self.key_prefix)
  File "/usr/local/lib/python3.10/site-packages/pymemcache/client/base.py", line 373, in check_key
    return check_key_helper(
  File "/usr/local/lib/python3.10/site-packages/pymemcache/client/base.py", line 120, in check_key_helper
    raise MemcacheIllegalInputError("Key contains whitespace: %r" % key)
pymemcache.exceptions.MemcacheIllegalInputError: Key contains whitespace: b'Bearer eyJhbGciOiJIUzI1NiIsInR5cCI6IkpXVCJ9.eyJlbWFpbCI6InZpc2h1NEBleGFtcGxlLmNvbSIsInJvbGUiOiJ1c2VyIiwiZXhwIjoxNzYwODYxMDE1fQ.IIOZ6tjsq3WDNtX2uc1FsH06SwTogcFqy7sxLx1kHG0'
2025-10-19 07:53:57 [INFO] utilities.memcached_utils: Closing Memcache Connection.
2025-10-19 07:54:02 [ERROR] utilities.memcached_utils: Error while adding Bearer eyJhbGciOiJIUzI1NiIsInR5cCI6IkpXVCJ9.eyJlbWFpbCI6InZpc2h1NEBleGFtcGxlLmNvbSIsInJvbGUiOiJ1c2VyIiwiZXhwIjoxNzYwODYxMDE1fQ.IIOZ6tjsq3WDNtX2uc1FsH06SwTogcFqy7sxLx1kHG0 in memcache. Error Key contains whitespace: b'Bearer eyJhbGciOiJIUzI1NiIsInR5cCI6IkpXVCJ9.eyJlbWFpbCI6InZpc2h1NEBleGFtcGxlLmNvbSIsInJvbGUiOiJ1c2VyIiwiZXhwIjoxNzYwODYxMDE1fQ.IIOZ6tjsq3WDNtX2uc1FsH06SwTogcFqy7sxLx1kHG0'
Traceback (most recent call last):
  File "/app/utilities/memcached_utils.py", line 21, in set_cache
    client.set(key, value, expire)
  File "/usr/local/lib/python3.10/site-packages/pymemcache/client/base.py", line 475, in set
    return self._store_cmd(b"set", {key: value}, expire, noreply, flags=flags)[key]
  File "/usr/local/lib/python3.10/site-packages/pymemcache/client/base.py", line 1195, in _store_cmd
    key = self.check_key(key, self.key_prefix)
  File "/usr/local/lib/python3.10/site-packages/pymemcache/client/base.py", line 373, in check_key
    return check_key_helper(
  File "/usr/local/lib/python3.10/site-packages/pymemcache/client/base.py", line 120, in check_key_helper
    raise MemcacheIllegalInputError("Key contains whitespace: %r" % key)
pymemcache.exceptions.MemcacheIllegalInputError: Key contains whitespace: b'Bearer eyJhbGciOiJIUzI1NiIsInR5cCI6IkpXVCJ9.eyJlbWFpbCI6InZpc2h1NEBleGFtcGxlLmNvbSIsInJvbGUiOiJ1c2VyIiwiZXhwIjoxNzYwODYxMDE1fQ.IIOZ6tjsq3WDNtX2uc1FsH06SwTogcFqy7sxLx1kHG0'
2025-10-19 07:54:02 [INFO] utilities.memcached_utils: Closing Memcache Connection.
2025-10-19 07:57:05 [ERROR] utilities.memcached_utils: Error while adding Bearer eyJhbGciOiJIUzI1NiIsInR5cCI6IkpXVCJ9.eyJlbWFpbCI6InZpc2h1NEBleGFtcGxlLmNvbSIsInJvbGUiOiJ1c2VyIiwiZXhwIjoxNzYwODYxMDE1fQ.IIOZ6tjsq3WDNtX2uc1FsH06SwTogcFqy7sxLx1kHG0 in memcache. Error Key contains whitespace: b'Bearer eyJhbGciOiJIUzI1NiIsInR5cCI6IkpXVCJ9.eyJlbWFpbCI6InZpc2h1NEBleGFtcGxlLmNvbSIsInJvbGUiOiJ1c2VyIiwiZXhwIjoxNzYwODYxMDE1fQ.IIOZ6tjsq3WDNtX2uc1FsH06SwTogcFqy7sxLx1kHG0'
Traceback (most recent call last):
  File "/app/utilities/memcached_utils.py", line 21, in set_cache
    client.set(key, value, expire)
  File "/usr/local/lib/python3.10/site-packages/pymemcache/client/base.py", line 475, in set
    return self._store_cmd(b"set", {key: value}, expire, noreply, flags=flags)[key]
  File "/usr/local/lib/python3.10/site-packages/pymemcache/client/base.py", line 1195, in _store_cmd
    key = self.check_key(key, self.key_prefix)
  File "/usr/local/lib/python3.10/site-packages/pymemcache/client/base.py", line 373, in check_key
    return check_key_helper(
  File "/usr/local/lib/python3.10/site-packages/pymemcache/client/base.py", line 120, in check_key_helper
    raise MemcacheIllegalInputError("Key contains whitespace: %r" % key)
pymemcache.exceptions.MemcacheIllegalInputError: Key contains whitespace: b'Bearer eyJhbGciOiJIUzI1NiIsInR5cCI6IkpXVCJ9.eyJlbWFpbCI6InZpc2h1NEBleGFtcGxlLmNvbSIsInJvbGUiOiJ1c2VyIiwiZXhwIjoxNzYwODYxMDE1fQ.IIOZ6tjsq3WDNtX2uc1FsH06SwTogcFqy7sxLx1kHG0'
2025-10-19 07:57:05 [INFO] utilities.memcached_utils: Closing Memcache Connection.
2025-10-19 07:57:12 [ERROR] utilities.memcached_utils: Error while adding Bearer eyJhbGciOiJIUzI1NiIsInR5cCI6IkpXVCJ9.eyJlbWFpbCI6InZpc2h1NEBleGFtcGxlLmNvbSIsInJvbGUiOiJ1c2VyIiwiZXhwIjoxNzYwODYxMDE1fQ.IIOZ6tjsq3WDNtX2uc1FsH06SwTogcFqy7sxLx1kHG0 in memcache. Error Key contains whitespace: b'Bearer eyJhbGciOiJIUzI1NiIsInR5cCI6IkpXVCJ9.eyJlbWFpbCI6InZpc2h1NEBleGFtcGxlLmNvbSIsInJvbGUiOiJ1c2VyIiwiZXhwIjoxNzYwODYxMDE1fQ.IIOZ6tjsq3WDNtX2uc1FsH06SwTogcFqy7sxLx1kHG0'
Traceback (most recent call last):
  File "/app/utilities/memcached_utils.py", line 21, in set_cache
    client.set(key, value, expire)
  File "/usr/local/lib/python3.10/site-packages/pymemcache/client/base.py", line 475, in set
    return self._store_cmd(b"set", {key: value}, expire, noreply, flags=flags)[key]
  File "/usr/local/lib/python3.10/site-packages/pymemcache/client/base.py", line 1195, in _store_cmd
    key = self.check_key(key, self.key_prefix)
  File "/usr/local/lib/python3.10/site-packages/pymemcache/client/base.py", line 373, in check_key
    return check_key_helper(
  File "/usr/local/lib/python3.10/site-packages/pymemcache/client/base.py", line 120, in check_key_helper
    raise MemcacheIllegalInputError("Key contains whitespace: %r" % key)
pymemcache.exceptions.MemcacheIllegalInputError: Key contains whitespace: b'Bearer eyJhbGciOiJIUzI1NiIsInR5cCI6IkpXVCJ9.eyJlbWFpbCI6InZpc2h1NEBleGFtcGxlLmNvbSIsInJvbGUiOiJ1c2VyIiwiZXhwIjoxNzYwODYxMDE1fQ.IIOZ6tjsq3WDNtX2uc1FsH06SwTogcFqy7sxLx1kHG0'
2025-10-19 07:57:12 [INFO] utilities.memcached_utils: Closing Memcache Connection.
2025-10-19 07:57:46 [ERROR] utilities.memcached_utils: Error while adding Bearer eyJhbGciOiJIUzI1NiIsInR5cCI6IkpXVCJ9.eyJlbWFpbCI6ImdhZGl0eWFAZ21haWwuY29tIiwicm9sZSI6ImFkbWluIiwiZXhwIjoxNzYwODYxMjQ3fQ.9EwKCoG09QE0a8W9w3Z6kjbH0cEkBmE0grQI5pvc9v8 in memcache. Error Key contains whitespace: b'Bearer eyJhbGciOiJIUzI1NiIsInR5cCI6IkpXVCJ9.eyJlbWFpbCI6ImdhZGl0eWFAZ21haWwuY29tIiwicm9sZSI6ImFkbWluIiwiZXhwIjoxNzYwODYxMjQ3fQ.9EwKCoG09QE0a8W9w3Z6kjbH0cEkBmE0grQI5pvc9v8'
Traceback (most recent call last):
  File "/app/utilities/memcached_utils.py", line 21, in set_cache
    client.set(key, value, expire)
  File "/usr/local/lib/python3.10/site-packages/pymemcache/client/base.py", line 475, in set
    return self._store_cmd(b"set", {key: value}, expire, noreply, flags=flags)[key]
  File "/usr/local/lib/python3.10/site-packages/pymemcache/client/base.py", line 1195, in _store_cmd
    key = self.check_key(key, self.key_prefix)
  File "/usr/local/lib/python3.10/site-packages/pymemcache/client/base.py", line 373, in check_key
    return check_key_helper(
  File "/usr/local/lib/python3.10/site-packages/pymemcache/client/base.py", line 120, in check_key_helper
    raise MemcacheIllegalInputError("Key contains whitespace: %r" % key)
pymemcache.exceptions.MemcacheIllegalInputError: Key contains whitespace: b'Bearer eyJhbGciOiJIUzI1NiIsInR5cCI6IkpXVCJ9.eyJlbWFpbCI6ImdhZGl0eWFAZ21haWwuY29tIiwicm9sZSI6ImFkbWluIiwiZXhwIjoxNzYwODYxMjQ3fQ.9EwKCoG09QE0a8W9w3Z6kjbH0cEkBmE0grQI5pvc9v8'
2025-10-19 07:57:46 [INFO] utilities.memcached_utils: Closing Memcache Connection.
2025-10-19 07:57:51 [ERROR] utilities.memcached_utils: Error while adding Bearer eyJhbGciOiJIUzI1NiIsInR5cCI6IkpXVCJ9.eyJlbWFpbCI6ImdhZGl0eWFAZ21haWwuY29tIiwicm9sZSI6ImFkbWluIiwiZXhwIjoxNzYwODYxMjQ3fQ.9EwKCoG09QE0a8W9w3Z6kjbH0cEkBmE0grQI5pvc9v8 in memcache. Error Key contains whitespace: b'Bearer eyJhbGciOiJIUzI1NiIsInR5cCI6IkpXVCJ9.eyJlbWFpbCI6ImdhZGl0eWFAZ21haWwuY29tIiwicm9sZSI6ImFkbWluIiwiZXhwIjoxNzYwODYxMjQ3fQ.9EwKCoG09QE0a8W9w3Z6kjbH0cEkBmE0grQI5pvc9v8'
Traceback (most recent call last):
  File "/app/utilities/memcached_utils.py", line 21, in set_cache
    client.set(key, value, expire)
  File "/usr/local/lib/python3.10/site-packages/pymemcache/client/base.py", line 475, in set
    return self._store_cmd(b"set", {key: value}, expire, noreply, flags=flags)[key]
  File "/usr/local/lib/python3.10/site-packages/pymemcache/client/base.py", line 1195, in _store_cmd
    key = self.check_key(key, self.key_prefix)
  File "/usr/local/lib/python3.10/site-packages/pymemcache/client/base.py", line 373, in check_key
    return check_key_helper(
  File "/usr/local/lib/python3.10/site-packages/pymemcache/client/base.py", line 120, in check_key_helper
    raise MemcacheIllegalInputError("Key contains whitespace: %r" % key)
pymemcache.exceptions.MemcacheIllegalInputError: Key contains whitespace: b'Bearer eyJhbGciOiJIUzI1NiIsInR5cCI6IkpXVCJ9.eyJlbWFpbCI6ImdhZGl0eWFAZ21haWwuY29tIiwicm9sZSI6ImFkbWluIiwiZXhwIjoxNzYwODYxMjQ3fQ.9EwKCoG09QE0a8W9w3Z6kjbH0cEkBmE0grQI5pvc9v8'
2025-10-19 07:57:51 [INFO] utilities.memcached_utils: Closing Memcache Connection.
2025-10-19 07:58:26 [ERROR] utilities.memcached_utils: Error while adding Bearer eyJhbGciOiJIUzI1NiIsInR5cCI6IkpXVCJ9.eyJlbWFpbCI6ImdhZGl0eWFAZ21haWwuY29tIiwicm9sZSI6ImFkbWluIiwiZXhwIjoxNzYwODYxMjQ3fQ.9EwKCoG09QE0a8W9w3Z6kjbH0cEkBmE0grQI5pvc9v8 in memcache. Error Key contains whitespace: b'Bearer eyJhbGciOiJIUzI1NiIsInR5cCI6IkpXVCJ9.eyJlbWFpbCI6ImdhZGl0eWFAZ21haWwuY29tIiwicm9sZSI6ImFkbWluIiwiZXhwIjoxNzYwODYxMjQ3fQ.9EwKCoG09QE0a8W9w3Z6kjbH0cEkBmE0grQI5pvc9v8'
Traceback (most recent call last):
  File "/app/utilities/memcached_utils.py", line 21, in set_cache
    client.set(key, value, expire)
  File "/usr/local/lib/python3.10/site-packages/pymemcache/client/base.py", line 475, in set
    return self._store_cmd(b"set", {key: value}, expire, noreply, flags=flags)[key]
  File "/usr/local/lib/python3.10/site-packages/pymemcache/client/base.py", line 1195, in _store_cmd
    key = self.check_key(key, self.key_prefix)
  File "/usr/local/lib/python3.10/site-packages/pymemcache/client/base.py", line 373, in check_key
    return check_key_helper(
  File "/usr/local/lib/python3.10/site-packages/pymemcache/client/base.py", line 120, in check_key_helper
    raise MemcacheIllegalInputError("Key contains whitespace: %r" % key)
pymemcache.exceptions.MemcacheIllegalInputError: Key contains whitespace: b'Bearer eyJhbGciOiJIUzI1NiIsInR5cCI6IkpXVCJ9.eyJlbWFpbCI6ImdhZGl0eWFAZ21haWwuY29tIiwicm9sZSI6ImFkbWluIiwiZXhwIjoxNzYwODYxMjQ3fQ.9EwKCoG09QE0a8W9w3Z6kjbH0cEkBmE0grQI5pvc9v8'
2025-10-19 07:58:26 [INFO] utilities.memcached_utils: Closing Memcache Connection.
2025-10-19 07:58:31 [ERROR] utilities.memcached_utils: Error while adding Bearer eyJhbGciOiJIUzI1NiIsInR5cCI6IkpXVCJ9.eyJlbWFpbCI6ImdhZGl0eWFAZ21haWwuY29tIiwicm9sZSI6ImFkbWluIiwiZXhwIjoxNzYwODYxMjQ3fQ.9EwKCoG09QE0a8W9w3Z6kjbH0cEkBmE0grQI5pvc9v8 in memcache. Error Key contains whitespace: b'Bearer eyJhbGciOiJIUzI1NiIsInR5cCI6IkpXVCJ9.eyJlbWFpbCI6ImdhZGl0eWFAZ21haWwuY29tIiwicm9sZSI6ImFkbWluIiwiZXhwIjoxNzYwODYxMjQ3fQ.9EwKCoG09QE0a8W9w3Z6kjbH0cEkBmE0grQI5pvc9v8'
Traceback (most recent call last):
  File "/app/utilities/memcached_utils.py", line 21, in set_cache
    client.set(key, value, expire)
  File "/usr/local/lib/python3.10/site-packages/pymemcache/client/base.py", line 475, in set
    return self._store_cmd(b"set", {key: value}, expire, noreply, flags=flags)[key]
  File "/usr/local/lib/python3.10/site-packages/pymemcache/client/base.py", line 1195, in _store_cmd
    key = self.check_key(key, self.key_prefix)
  File "/usr/local/lib/python3.10/site-packages/pymemcache/client/base.py", line 373, in check_key
    return check_key_helper(
  File "/usr/local/lib/python3.10/site-packages/pymemcache/client/base.py", line 120, in check_key_helper
    raise MemcacheIllegalInputError("Key contains whitespace: %r" % key)
pymemcache.exceptions.MemcacheIllegalInputError: Key contains whitespace: b'Bearer eyJhbGciOiJIUzI1NiIsInR5cCI6IkpXVCJ9.eyJlbWFpbCI6ImdhZGl0eWFAZ21haWwuY29tIiwicm9sZSI6ImFkbWluIiwiZXhwIjoxNzYwODYxMjQ3fQ.9EwKCoG09QE0a8W9w3Z6kjbH0cEkBmE0grQI5pvc9v8'
2025-10-19 07:58:31 [INFO] utilities.memcached_utils: Closing Memcache Connection.
2025-10-19 07:58:31 [INFO] utilities.memcached_utils: Failed to get cache for key Bearer eyJhbGciOiJIUzI1NiIsInR5cCI6IkpXVCJ9.eyJlbWFpbCI6ImdhZGl0eWFAZ21haWwuY29tIiwicm9sZSI6ImFkbWluIiwiZXhwIjoxNzYwODYxMjQ3fQ.9EwKCoG09QE0a8W9w3Z6kjbH0cEkBmE0grQI5pvc9v8. Error : Key contains whitespace: b'Bearer eyJhbGciOiJIUzI1NiIsInR5cCI6IkpXVCJ9.eyJlbWFpbCI6ImdhZGl0eWFAZ21haWwuY29tIiwicm9sZSI6ImFkbWluIiwiZXhwIjoxNzYwODYxMjQ3fQ.9EwKCoG09QE0a8W9w3Z6kjbH0cEkBmE0grQI5pvc9v8'
2025-10-19 07:58:31 [INFO] utilities.memcached_utils: Closing Memcache connection.
2025-10-19 07:59:34 [ERROR] utilities.memcached_utils: Error while adding Bearer eyJhbGciOiJIUzI1NiIsInR5cCI6IkpXVCJ9.eyJlbWFpbCI6ImdhZGl0eWFAZ21haWwuY29tIiwicm9sZSI6ImFkbWluIiwiZXhwIjoxNzYwODYxMjQ3fQ.9EwKCoG09QE0a8W9w3Z6kjbH0cEkBmE0grQI5pvc9v8 in memcache. Error Key contains whitespace: b'Bearer eyJhbGciOiJIUzI1NiIsInR5cCI6IkpXVCJ9.eyJlbWFpbCI6ImdhZGl0eWFAZ21haWwuY29tIiwicm9sZSI6ImFkbWluIiwiZXhwIjoxNzYwODYxMjQ3fQ.9EwKCoG09QE0a8W9w3Z6kjbH0cEkBmE0grQI5pvc9v8'
Traceback (most recent call last):
  File "/app/utilities/memcached_utils.py", line 21, in set_cache
    client.set(key, value, expire)
  File "/usr/local/lib/python3.10/site-packages/pymemcache/client/base.py", line 475, in set
    return self._store_cmd(b"set", {key: value}, expire, noreply, flags=flags)[key]
  File "/usr/local/lib/python3.10/site-packages/pymemcache/client/base.py", line 1195, in _store_cmd
    key = self.check_key(key, self.key_prefix)
  File "/usr/local/lib/python3.10/site-packages/pymemcache/client/base.py", line 373, in check_key
    return check_key_helper(
  File "/usr/local/lib/python3.10/site-packages/pymemcache/client/base.py", line 120, in check_key_helper
    raise MemcacheIllegalInputError("Key contains whitespace: %r" % key)
pymemcache.exceptions.MemcacheIllegalInputError: Key contains whitespace: b'Bearer eyJhbGciOiJIUzI1NiIsInR5cCI6IkpXVCJ9.eyJlbWFpbCI6ImdhZGl0eWFAZ21haWwuY29tIiwicm9sZSI6ImFkbWluIiwiZXhwIjoxNzYwODYxMjQ3fQ.9EwKCoG09QE0a8W9w3Z6kjbH0cEkBmE0grQI5pvc9v8'
2025-10-19 07:59:34 [INFO] utilities.memcached_utils: Closing Memcache Connection.
2025-10-19 08:03:58 [ERROR] utilities.memcached_utils: Error while adding Bearer eyJhbGciOiJIUzI1NiIsInR5cCI6IkpXVCJ9.eyJlbWFpbCI6ImdhZGl0eWFAZ21haWwuY29tIiwicm9sZSI6ImFkbWluIiwiZXhwIjoxNzYwODYxMjQ3fQ.9EwKCoG09QE0a8W9w3Z6kjbH0cEkBmE0grQI5pvc9v8 in memcache. Error Key contains whitespace: b'Bearer eyJhbGciOiJIUzI1NiIsInR5cCI6IkpXVCJ9.eyJlbWFpbCI6ImdhZGl0eWFAZ21haWwuY29tIiwicm9sZSI6ImFkbWluIiwiZXhwIjoxNzYwODYxMjQ3fQ.9EwKCoG09QE0a8W9w3Z6kjbH0cEkBmE0grQI5pvc9v8'
Traceback (most recent call last):
  File "/app/utilities/memcached_utils.py", line 21, in set_cache
    client.set(key, value, expire)
  File "/usr/local/lib/python3.10/site-packages/pymemcache/client/base.py", line 475, in set
    return self._store_cmd(b"set", {key: value}, expire, noreply, flags=flags)[key]
  File "/usr/local/lib/python3.10/site-packages/pymemcache/client/base.py", line 1195, in _store_cmd
    key = self.check_key(key, self.key_prefix)
  File "/usr/local/lib/python3.10/site-packages/pymemcache/client/base.py", line 373, in check_key
    return check_key_helper(
  File "/usr/local/lib/python3.10/site-packages/pymemcache/client/base.py", line 120, in check_key_helper
    raise MemcacheIllegalInputError("Key contains whitespace: %r" % key)
pymemcache.exceptions.MemcacheIllegalInputError: Key contains whitespace: b'Bearer eyJhbGciOiJIUzI1NiIsInR5cCI6IkpXVCJ9.eyJlbWFpbCI6ImdhZGl0eWFAZ21haWwuY29tIiwicm9sZSI6ImFkbWluIiwiZXhwIjoxNzYwODYxMjQ3fQ.9EwKCoG09QE0a8W9w3Z6kjbH0cEkBmE0grQI5pvc9v8'
2025-10-19 08:03:58 [INFO] utilities.memcached_utils: Closing Memcache Connection.
2025-10-19 08:05:12 [ERROR] utilities.memcached_utils: Error while adding Bearer eyJhbGciOiJIUzI1NiIsInR5cCI6IkpXVCJ9.eyJlbWFpbCI6ImdhZGl0eWFAZ21haWwuY29tIiwicm9sZSI6ImFkbWluIiwiZXhwIjoxNzYwODYxMjQ3fQ.9EwKCoG09QE0a8W9w3Z6kjbH0cEkBmE0grQI5pvc9v8 in memcache. Error Key contains whitespace: b'Bearer eyJhbGciOiJIUzI1NiIsInR5cCI6IkpXVCJ9.eyJlbWFpbCI6ImdhZGl0eWFAZ21haWwuY29tIiwicm9sZSI6ImFkbWluIiwiZXhwIjoxNzYwODYxMjQ3fQ.9EwKCoG09QE0a8W9w3Z6kjbH0cEkBmE0grQI5pvc9v8'
Traceback (most recent call last):
  File "/app/utilities/memcached_utils.py", line 21, in set_cache
    client.set(key, value, expire)
  File "/usr/local/lib/python3.10/site-packages/pymemcache/client/base.py", line 475, in set
    return self._store_cmd(b"set", {key: value}, expire, noreply, flags=flags)[key]
  File "/usr/local/lib/python3.10/site-packages/pymemcache/client/base.py", line 1195, in _store_cmd
    key = self.check_key(key, self.key_prefix)
  File "/usr/local/lib/python3.10/site-packages/pymemcache/client/base.py", line 373, in check_key
    return check_key_helper(
  File "/usr/local/lib/python3.10/site-packages/pymemcache/client/base.py", line 120, in check_key_helper
    raise MemcacheIllegalInputError("Key contains whitespace: %r" % key)
pymemcache.exceptions.MemcacheIllegalInputError: Key contains whitespace: b'Bearer eyJhbGciOiJIUzI1NiIsInR5cCI6IkpXVCJ9.eyJlbWFpbCI6ImdhZGl0eWFAZ21haWwuY29tIiwicm9sZSI6ImFkbWluIiwiZXhwIjoxNzYwODYxMjQ3fQ.9EwKCoG09QE0a8W9w3Z6kjbH0cEkBmE0grQI5pvc9v8'
2025-10-19 08:05:12 [INFO] utilities.memcached_utils: Closing Memcache Connection.
2025-10-19 08:05:55 [ERROR] utilities.memcached_utils: Error while adding Bearer eyJhbGciOiJIUzI1NiIsInR5cCI6IkpXVCJ9.eyJlbWFpbCI6ImdhZGl0eWFAZ21haWwuY29tIiwicm9sZSI6ImFkbWluIiwiZXhwIjoxNzYwODYxMjQ3fQ.9EwKCoG09QE0a8W9w3Z6kjbH0cEkBmE0grQI5pvc9v8 in memcache. Error Key contains whitespace: b'Bearer eyJhbGciOiJIUzI1NiIsInR5cCI6IkpXVCJ9.eyJlbWFpbCI6ImdhZGl0eWFAZ21haWwuY29tIiwicm9sZSI6ImFkbWluIiwiZXhwIjoxNzYwODYxMjQ3fQ.9EwKCoG09QE0a8W9w3Z6kjbH0cEkBmE0grQI5pvc9v8'
Traceback (most recent call last):
  File "/app/utilities/memcached_utils.py", line 21, in set_cache
    client.set(key, value, expire)
  File "/usr/local/lib/python3.10/site-packages/pymemcache/client/base.py", line 475, in set
    return self._store_cmd(b"set", {key: value}, expire, noreply, flags=flags)[key]
  File "/usr/local/lib/python3.10/site-packages/pymemcache/client/base.py", line 1195, in _store_cmd
    key = self.check_key(key, self.key_prefix)
  File "/usr/local/lib/python3.10/site-packages/pymemcache/client/base.py", line 373, in check_key
    return check_key_helper(
  File "/usr/local/lib/python3.10/site-packages/pymemcache/client/base.py", line 120, in check_key_helper
    raise MemcacheIllegalInputError("Key contains whitespace: %r" % key)
pymemcache.exceptions.MemcacheIllegalInputError: Key contains whitespace: b'Bearer eyJhbGciOiJIUzI1NiIsInR5cCI6IkpXVCJ9.eyJlbWFpbCI6ImdhZGl0eWFAZ21haWwuY29tIiwicm9sZSI6ImFkbWluIiwiZXhwIjoxNzYwODYxMjQ3fQ.9EwKCoG09QE0a8W9w3Z6kjbH0cEkBmE0grQI5pvc9v8'
2025-10-19 08:05:55 [INFO] utilities.memcached_utils: Closing Memcache Connection.
2025-10-19 08:10:37 [ERROR] utilities.memcached_utils: Error while adding Bearer eyJhbGciOiJIUzI1NiIsInR5cCI6IkpXVCJ9.eyJlbWFpbCI6ImdhZGl0eWFAZ21haWwuY29tIiwicm9sZSI6ImFkbWluIiwiZXhwIjoxNzYwODYxODk2fQ.lkPeadZvnqPWEWntDOBjTC5BsQPxYTzfvc2AO33isoM in memcache. Error Key contains whitespace: b'Bearer eyJhbGciOiJIUzI1NiIsInR5cCI6IkpXVCJ9.eyJlbWFpbCI6ImdhZGl0eWFAZ21haWwuY29tIiwicm9sZSI6ImFkbWluIiwiZXhwIjoxNzYwODYxODk2fQ.lkPeadZvnqPWEWntDOBjTC5BsQPxYTzfvc2AO33isoM'
Traceback (most recent call last):
  File "/app/utilities/memcached_utils.py", line 21, in set_cache
    client.set(key, value, expire)
  File "/usr/local/lib/python3.10/site-packages/pymemcache/client/base.py", line 475, in set
    return self._store_cmd(b"set", {key: value}, expire, noreply, flags=flags)[key]
  File "/usr/local/lib/python3.10/site-packages/pymemcache/client/base.py", line 1195, in _store_cmd
    key = self.check_key(key, self.key_prefix)
  File "/usr/local/lib/python3.10/site-packages/pymemcache/client/base.py", line 373, in check_key
    return check_key_helper(
  File "/usr/local/lib/python3.10/site-packages/pymemcache/client/base.py", line 120, in check_key_helper
    raise MemcacheIllegalInputError("Key contains whitespace: %r" % key)
pymemcache.exceptions.MemcacheIllegalInputError: Key contains whitespace: b'Bearer eyJhbGciOiJIUzI1NiIsInR5cCI6IkpXVCJ9.eyJlbWFpbCI6ImdhZGl0eWFAZ21haWwuY29tIiwicm9sZSI6ImFkbWluIiwiZXhwIjoxNzYwODYxODk2fQ.lkPeadZvnqPWEWntDOBjTC5BsQPxYTzfvc2AO33isoM'
2025-10-19 08:10:37 [INFO] utilities.memcached_utils: Closing Memcache Connection.
2025-10-19 08:10:37 [INFO] utilities.memcached_utils: Closing Memcache connection.
2025-10-19 08:11:03 [ERROR] utilities.memcached_utils: Error while adding Bearer eyJhbGciOiJIUzI1NiIsInR5cCI6IkpXVCJ9.eyJlbWFpbCI6ImdhZGl0eWFAZ21haWwuY29tIiwicm9sZSI6ImFkbWluIiwiZXhwIjoxNzYwODYxODk2fQ.lkPeadZvnqPWEWntDOBjTC5BsQPxYTzfvc2AO33isoM in memcache. Error Key contains whitespace: b'Bearer eyJhbGciOiJIUzI1NiIsInR5cCI6IkpXVCJ9.eyJlbWFpbCI6ImdhZGl0eWFAZ21haWwuY29tIiwicm9sZSI6ImFkbWluIiwiZXhwIjoxNzYwODYxODk2fQ.lkPeadZvnqPWEWntDOBjTC5BsQPxYTzfvc2AO33isoM'
Traceback (most recent call last):
  File "/app/utilities/memcached_utils.py", line 21, in set_cache
    client.set(key, value, expire)
  File "/usr/local/lib/python3.10/site-packages/pymemcache/client/base.py", line 475, in set
    return self._store_cmd(b"set", {key: value}, expire, noreply, flags=flags)[key]
  File "/usr/local/lib/python3.10/site-packages/pymemcache/client/base.py", line 1195, in _store_cmd
    key = self.check_key(key, self.key_prefix)
  File "/usr/local/lib/python3.10/site-packages/pymemcache/client/base.py", line 373, in check_key
    return check_key_helper(
  File "/usr/local/lib/python3.10/site-packages/pymemcache/client/base.py", line 120, in check_key_helper
    raise MemcacheIllegalInputError("Key contains whitespace: %r" % key)
pymemcache.exceptions.MemcacheIllegalInputError: Key contains whitespace: b'Bearer eyJhbGciOiJIUzI1NiIsInR5cCI6IkpXVCJ9.eyJlbWFpbCI6ImdhZGl0eWFAZ21haWwuY29tIiwicm9sZSI6ImFkbWluIiwiZXhwIjoxNzYwODYxODk2fQ.lkPeadZvnqPWEWntDOBjTC5BsQPxYTzfvc2AO33isoM'
2025-10-19 08:11:03 [INFO] utilities.memcached_utils: Closing Memcache Connection.
2025-10-19 08:11:03 [INFO] utilities.memcached_utils: Closing Memcache connection.
2025-10-19 08:13:40 [INFO] utilities.memcached_utils: Bearer eyJhbGciOiJIUzI1NiIsInR5cCI6IkpXVCJ9.eyJlbWFpbCI6ImdhZGl0eWFAZ21haWwuY29tIiwicm9sZSI6ImFkbWluIiwiZXhwIjoxNzYwODYxODk2fQ.lkPeadZvnqPWEWntDOBjTC5BsQPxYTzfvc2AO33isoM added in Memcache
2025-10-19 08:13:40 [INFO] utilities.memcached_utils: Closing Memcache Connection.
2025-10-19 08:13:40 [INFO] utilities.memcached_utils: Closing Memcache connection.
2025-10-19 08:14:41 [INFO] utilities.memcached_utils: Bearer eyJhbGciOiJIUzI1NiIsInR5cCI6IkpXVCJ9.eyJlbWFpbCI6ImdhZGl0eWFAZ21haWwuY29tIiwicm9sZSI6ImFkbWluIiwiZXhwIjoxNzYwODYxODk2fQ.lkPeadZvnqPWEWntDOBjTC5BsQPxYTzfvc2AO33isoM added in Memcache
2025-10-19 08:14:41 [INFO] utilities.memcached_utils: Closing Memcache Connection.
2025-10-19 08:14:41 [INFO] utilities.memcached_utils: Closing Memcache connection.
2025-10-19 08:15:21 [INFO] utilities.memcached_utils: Bearer eyJhbGciOiJIUzI1NiIsInR5cCI6IkpXVCJ9.eyJlbWFpbCI6ImdhZGl0eWFAZ21haWwuY29tIiwicm9sZSI6ImFkbWluIiwiZXhwIjoxNzYwODYxODk2fQ.lkPeadZvnqPWEWntDOBjTC5BsQPxYTzfvc2AO33isoM added in Memcache
2025-10-19 08:15:21 [INFO] utilities.memcached_utils: Closing Memcache Connection.
2025-10-19 08:15:21 [INFO] utilities.memcached_utils: Closing Memcache connection.
2025-10-19 08:18:04 [INFO] utilities.memcached_utils: Bearer eyJhbGciOiJIUzI1NiIsInR5cCI6IkpXVCJ9.eyJlbWFpbCI6ImdhZGl0eWFAZ21haWwuY29tIiwicm9sZSI6ImFkbWluIiwiZXhwIjoxNzYwODYxODk2fQ.lkPeadZvnqPWEWntDOBjTC5BsQPxYTzfvc2AO33isoM added in Memcache
2025-10-19 08:18:04 [INFO] utilities.memcached_utils: Closing Memcache Connection.
2025-10-19 08:19:54 [INFO] utilities.memcached_utils: Bearer eyJhbGciOiJIUzI1NiIsInR5cCI6IkpXVCJ9.eyJlbWFpbCI6ImdhZGl0eWFAZ21haWwuY29tIiwicm9sZSI6ImFkbWluIiwiZXhwIjoxNzYwODYyNTYyfQ.TuaSwzH_8ZBD5Rqxz4ANUBDmO0qOx1ynCQUeyygZLN8 added in Memcache
2025-10-19 08:19:54 [INFO] utilities.memcached_utils: Closing Memcache Connection.
2025-10-19 08:19:54 [INFO] utilities.memcached_utils: Closing Memcache connection.
2025-10-19 08:24:05 [INFO] utilities.memcached_utils: Bearer eyJhbGciOiJIUzI1NiIsInR5cCI6IkpXVCJ9.eyJlbWFpbCI6ImdhZGl0eWFAZ21haWwuY29tIiwicm9sZSI6ImFkbWluIiwiZXhwIjoxNzYwODYyNTYyfQ.TuaSwzH_8ZBD5Rqxz4ANUBDmO0qOx1ynCQUeyygZLN8 added in Memcache
2025-10-19 08:24:05 [INFO] utilities.memcached_utils: Closing Memcache Connection.
2025-10-19 08:24:05 [INFO] utilities.memcached_utils: Closing Memcache connection.
2025-10-19 08:26:01 [INFO] utilities.memcached_utils: Bearer eyJhbGciOiJIUzI1NiIsInR5cCI6IkpXVCJ9.eyJlbWFpbCI6ImdhZGl0eWFAZ21haWwuY29tIiwicm9sZSI6ImFkbWluIiwiZXhwIjoxNzYwODYyNTYyfQ.TuaSwzH_8ZBD5Rqxz4ANUBDmO0qOx1ynCQUeyygZLN8 added in Memcache
2025-10-19 08:26:01 [INFO] utilities.memcached_utils: Closing Memcache Connection.
2025-10-19 08:26:01 [INFO] utilities.memcached_utils: Closing Memcache connection.
2025-10-19 08:26:47 [INFO] utilities.memcached_utils: Bearer eyJhbGciOiJIUzI1NiIsInR5cCI6IkpXVCJ9.eyJlbWFpbCI6ImdhZGl0eWFAZ21haWwuY29tIiwicm9sZSI6ImFkbWluIiwiZXhwIjoxNzYwODYyNTYyfQ.TuaSwzH_8ZBD5Rqxz4ANUBDmO0qOx1ynCQUeyygZLN8 added in Memcache
2025-10-19 08:26:47 [INFO] utilities.memcached_utils: Closing Memcache Connection.
2025-10-19 08:26:47 [INFO] utilities.memcached_utils: Closing Memcache connection.
2025-10-19 08:33:54 [INFO] utilities.memcached_utils: Bearer eyJhbGciOiJIUzI1NiIsInR5cCI6IkpXVCJ9.eyJlbWFpbCI6ImdhZGl0eWFAZ21haWwuY29tIiwicm9sZSI6ImFkbWluIiwiZXhwIjoxNzYwODYzNDE0fQ.92EHKjXJ8p4bel4ElMrlL-TFUSH-wlT-GPkWeLoquZ4 added in Memcache
2025-10-19 08:33:54 [INFO] utilities.memcached_utils: Closing Memcache Connection.
2025-10-19 08:33:58 [INFO] utilities.memcached_utils: Bearer eyJhbGciOiJIUzI1NiIsInR5cCI6IkpXVCJ9.eyJlbWFpbCI6ImdhZGl0eWFAZ21haWwuY29tIiwicm9sZSI6ImFkbWluIiwiZXhwIjoxNzYwODYzNDE0fQ.92EHKjXJ8p4bel4ElMrlL-TFUSH-wlT-GPkWeLoquZ4 added in Memcache
2025-10-19 08:33:58 [INFO] utilities.memcached_utils: Closing Memcache Connection.
2025-10-19 08:33:58 [INFO] utilities.memcached_utils: Closing Memcache connection.
2025-10-19 08:35:13 [INFO] utilities.memcached_utils: Bearer eyJhbGciOiJIUzI1NiIsInR5cCI6IkpXVCJ9.eyJlbWFpbCI6ImdhZGl0eWFAZ21haWwuY29tIiwicm9sZSI6ImFkbWluIiwiZXhwIjoxNzYwODYzNDE0fQ.92EHKjXJ8p4bel4ElMrlL-TFUSH-wlT-GPkWeLoquZ4 added in Memcache
2025-10-19 08:35:13 [INFO] utilities.memcached_utils: Closing Memcache Connection.
2025-10-19 08:35:49 [INFO] utilities.memcached_utils: Bearer eyJhbGciOiJIUzI1NiIsInR5cCI6IkpXVCJ9.eyJlbWFpbCI6ImdhZGl0eWFAZ21haWwuY29tIiwicm9sZSI6ImFkbWluIiwiZXhwIjoxNzYwODYzNTE4fQ.WPHJdApXO-lvhT3hJkmumi4O8cnl1fhsFlbguPUV6xU added in Memcache
2025-10-19 08:35:49 [INFO] utilities.memcached_utils: Closing Memcache Connection.
2025-10-19 08:35:52 [INFO] utilities.memcached_utils: Bearer eyJhbGciOiJIUzI1NiIsInR5cCI6IkpXVCJ9.eyJlbWFpbCI6ImdhZGl0eWFAZ21haWwuY29tIiwicm9sZSI6ImFkbWluIiwiZXhwIjoxNzYwODYzNTE4fQ.WPHJdApXO-lvhT3hJkmumi4O8cnl1fhsFlbguPUV6xU added in Memcache
2025-10-19 08:35:52 [INFO] utilities.memcached_utils: Closing Memcache Connection.
2025-10-19 08:40:30 [INFO] utilities.memcached_utils: Bearer eyJhbGciOiJIUzI1NiIsInR5cCI6IkpXVCJ9.eyJlbWFpbCI6ImdhZGl0eWFAZ21haWwuY29tIiwicm9sZSI6ImFkbWluIiwiZXhwIjoxNzYwODYzNTE4fQ.WPHJdApXO-lvhT3hJkmumi4O8cnl1fhsFlbguPUV6xU added in Memcache
2025-10-19 08:40:30 [INFO] utilities.memcached_utils: Closing Memcache Connection.
2025-10-19 14:44:45 [INFO] utilities.memcached_utils: Bearer eyJhbGciOiJIUzI1NiIsInR5cCI6IkpXVCJ9.eyJlbWFpbCI6ImFkaXR5YTk4Z3VwdGFAZ21haWwuY29tIiwicm9sZSI6ImFkbWluIiwiZXhwIjoxNzYwODg1Mzg4fQ.zvKjLC3hjQE9Z6yc0RoTtVLEJwcq8RXeOtnqNVVeTo4 added in Memcache
2025-10-19 14:44:45 [INFO] utilities.memcached_utils: Closing Memcache Connection.
2025-10-19 14:54:44 [INFO] utilities.memcached_utils: Bearer eyJhbGciOiJIUzI1NiIsInR5cCI6IkpXVCJ9.eyJlbWFpbCI6ImFkaXR5YTk4Z3VwdGFAZ21haWwuY29tIiwicm9sZSI6ImFkbWluIiwiZXhwIjoxNzYwODg2MjcwfQ.Cf_IyUgjLAIVBHFI8LrvsJyZ534svTY03BC2vot63HM added in Memcache
2025-10-19 14:54:44 [INFO] utilities.memcached_utils: Closing Memcache Connection.
2025-10-19 14:54:44 [INFO] utilities.memcached_utils: Closing Memcache connection.
2025-10-19 17:24:23 [INFO] utilities.memcached_utils: Bearer eyJhbGciOiJIUzI1NiIsInR5cCI6IkpXVCJ9.eyJlbWFpbCI6ImFkaXR5YTk4Z3VwdGFAZ21haWwuY29tIiwicm9sZSI6ImFkbWluIiwiZXhwIjoxNzYwODk1MjQzfQ.BAMrVPuZrJ0ePjxaiD_dbfJxA2AAFcK5w8hXotyUewE added in Memcache
2025-10-19 17:24:23 [INFO] utilities.memcached_utils: Closing Memcache Connection.
2025-10-19 17:24:34 [INFO] utilities.memcached_utils: Bearer eyJhbGciOiJIUzI1NiIsInR5cCI6IkpXVCJ9.eyJlbWFpbCI6ImFkaXR5YTk4Z3VwdGFAZ21haWwuY29tIiwicm9sZSI6ImFkbWluIiwiZXhwIjoxNzYwODk1MjQzfQ.BAMrVPuZrJ0ePjxaiD_dbfJxA2AAFcK5w8hXotyUewE added in Memcache
2025-10-19 17:24:34 [INFO] utilities.memcached_utils: Closing Memcache Connection.
2025-10-19 17:24:39 [INFO] utilities.memcached_utils: Bearer eyJhbGciOiJIUzI1NiIsInR5cCI6IkpXVCJ9.eyJlbWFpbCI6ImFkaXR5YTk4Z3VwdGFAZ21haWwuY29tIiwicm9sZSI6ImFkbWluIiwiZXhwIjoxNzYwODk1MjQzfQ.BAMrVPuZrJ0ePjxaiD_dbfJxA2AAFcK5w8hXotyUewE added in Memcache
2025-10-19 17:24:39 [INFO] utilities.memcached_utils: Closing Memcache Connection.
2025-10-19 17:27:47 [INFO] utilities.memcached_utils: Bearer eyJhbGciOiJIUzI1NiIsInR5cCI6IkpXVCJ9.eyJlbWFpbCI6ImFkaXR5YTk4Z3VwdGFAZ21haWwuY29tIiwicm9sZSI6ImFkbWluIiwiZXhwIjoxNzYwODk1MjQzfQ.BAMrVPuZrJ0ePjxaiD_dbfJxA2AAFcK5w8hXotyUewE added in Memcache
2025-10-19 17:27:47 [INFO] utilities.memcached_utils: Closing Memcache Connection.
2025-10-19 17:38:15 [INFO] utilities.memcached_utils: Bearer eyJhbGciOiJIUzI1NiIsInR5cCI6IkpXVCJ9.eyJlbWFpbCI6ImFkaXR5YTk4Z3VwdGFAZ21haWwuY29tIiwicm9sZSI6ImFkbWluIiwiZXhwIjoxNzYwODk2MDgxfQ.yhQS4TUebrdfoScOcsA7HtfqN-cAC00WfRzMl_fUISg added in Memcache
2025-10-19 17:38:15 [INFO] utilities.memcached_utils: Closing Memcache Connection.
2025-10-20 00:34:36 [INFO] utilities.memcached_utils: Bearer eyJhbGciOiJIUzI1NiIsInR5cCI6IkpXVCJ9.eyJlbWFpbCI6ImFkaXR5YTk4Z3VwdGFAZ21haWwuY29tIiwicm9sZSI6ImFkbWluIiwiZXhwIjoxNzYwOTIxMDUzfQ.YTaoiNBNyoIbiKyWkUMtHt6mQDb7tBfqkuycYBTVyZ8 added in Memcache
2025-10-20 00:34:36 [INFO] utilities.memcached_utils: Closing Memcache Connection.
2025-10-20 00:35:09 [INFO] utilities.memcached_utils: Bearer eyJhbGciOiJIUzI1NiIsInR5cCI6IkpXVCJ9.eyJlbWFpbCI6ImFkaXR5YTk4Z3VwdGFAZ21haWwuY29tIiwicm9sZSI6ImFkbWluIiwiZXhwIjoxNzYwOTIxMDUzfQ.YTaoiNBNyoIbiKyWkUMtHt6mQDb7tBfqkuycYBTVyZ8 added in Memcache
2025-10-20 00:35:09 [INFO] utilities.memcached_utils: Closing Memcache Connection.
2025-10-20 00:35:09 [INFO] utilities.memcached_utils: Closing Memcache connection.
2025-10-20 00:36:59 [INFO] utilities.memcached_utils: Bearer eyJhbGciOiJIUzI1NiIsInR5cCI6IkpXVCJ9.eyJlbWFpbCI6ImFkaXR5YTk4Z3VwdGFAZ21haWwuY29tIiwicm9sZSI6ImFkbWluIiwiZXhwIjoxNzYwOTIxMDUzfQ.YTaoiNBNyoIbiKyWkUMtHt6mQDb7tBfqkuycYBTVyZ8 added in Memcache
2025-10-20 00:36:59 [INFO] utilities.memcached_utils: Closing Memcache Connection.
2025-10-20 00:36:59 [INFO] utilities.memcached_utils: Closing Memcache connection.
2025-10-20 00:37:05 [INFO] utilities.memcached_utils: Bearer eyJhbGciOiJIUzI1NiIsInR5cCI6IkpXVCJ9.eyJlbWFpbCI6ImFkaXR5YTk4Z3VwdGFAZ21haWwuY29tIiwicm9sZSI6ImFkbWluIiwiZXhwIjoxNzYwOTIxMDUzfQ.YTaoiNBNyoIbiKyWkUMtHt6mQDb7tBfqkuycYBTVyZ8 added in Memcache
2025-10-20 00:37:05 [INFO] utilities.memcached_utils: Closing Memcache Connection.
2025-10-20 00:37:05 [INFO] utilities.memcached_utils: Closing Memcache connection.
2025-10-20 00:38:24 [INFO] utilities.memcached_utils: Bearer eyJhbGciOiJIUzI1NiIsInR5cCI6IkpXVCJ9.eyJlbWFpbCI6ImFkaXR5YTk4Z3VwdGFAZ21haWwuY29tIiwicm9sZSI6ImFkbWluIiwiZXhwIjoxNzYwOTIxMDUzfQ.YTaoiNBNyoIbiKyWkUMtHt6mQDb7tBfqkuycYBTVyZ8 added in Memcache
2025-10-20 00:38:24 [INFO] utilities.memcached_utils: Closing Memcache Connection.
2025-10-20 00:38:24 [INFO] utilities.memcached_utils: Closing Memcache connection.
2025-10-20 00:38:34 [INFO] utilities.memcached_utils: Bearer eyJhbGciOiJIUzI1NiIsInR5cCI6IkpXVCJ9.eyJlbWFpbCI6ImFkaXR5YTk4Z3VwdGFAZ21haWwuY29tIiwicm9sZSI6ImFkbWluIiwiZXhwIjoxNzYwOTIxMDUzfQ.YTaoiNBNyoIbiKyWkUMtHt6mQDb7tBfqkuycYBTVyZ8 added in Memcache
2025-10-20 00:38:34 [INFO] utilities.memcached_utils: Closing Memcache Connection.
2025-10-20 00:38:34 [INFO] utilities.memcached_utils: Closing Memcache connection.
2025-10-20 01:04:31 [INFO] utilities.memcached_utils: Bearer eyJhbGciOiJIUzI1NiIsInR5cCI6IkpXVCJ9.eyJlbWFpbCI6ImFkaXR5YTk4Z3VwdGFAZ21haWwuY29tIiwicm9sZSI6ImFkbWluIiwiZXhwIjoxNzYwOTIyODYwfQ.FK4vLRsWOBuUvZ1bSIKShenXRP4P3rz-jK0Oqxwljh4 added in Memcache
2025-10-20 01:04:31 [INFO] utilities.memcached_utils: Closing Memcache Connection.
2025-10-20 01:04:31 [INFO] utilities.memcached_utils: Closing Memcache connection.
2025-10-20 01:07:34 [INFO] utilities.memcached_utils: Bearer eyJhbGciOiJIUzI1NiIsInR5cCI6IkpXVCJ9.eyJlbWFpbCI6ImFkaXR5YTk4Z3VwdGFAZ21haWwuY29tIiwicm9sZSI6ImFkbWluIiwiZXhwIjoxNzYwOTIzMDQ0fQ.8Rw8l7DD4AiI_9lf-mht_aUqcrGfzgPEzH44W3auAZ8 added in Memcache
2025-10-20 01:07:34 [INFO] utilities.memcached_utils: Closing Memcache Connection.
2025-10-20 01:08:41 [INFO] utilities.memcached_utils: Bearer eyJhbGciOiJIUzI1NiIsInR5cCI6IkpXVCJ9.eyJlbWFpbCI6ImFkaXR5YTk4Z3VwdGFAZ21haWwuY29tIiwicm9sZSI6ImFkbWluIiwiZXhwIjoxNzYwOTIzMTA1fQ.mt24pHt4h41WWrPzSVc4WIK_AB7bZkBlR9-wfmdzX7g added in Memcache
2025-10-20 01:08:41 [INFO] utilities.memcached_utils: Closing Memcache Connection.
2025-10-20 01:10:27 [INFO] utilities.memcached_utils: Bearer eyJhbGciOiJIUzI1NiIsInR5cCI6IkpXVCJ9.eyJlbWFpbCI6ImFkaXR5YTk4Z3VwdGFAZ21haWwuY29tIiwicm9sZSI6ImFkbWluIiwiZXhwIjoxNzYwOTIzMTA1fQ.mt24pHt4h41WWrPzSVc4WIK_AB7bZkBlR9-wfmdzX7g added in Memcache
2025-10-20 01:10:27 [INFO] utilities.memcached_utils: Closing Memcache Connection.
2025-10-20 01:11:54 [INFO] utilities.memcached_utils: Bearer eyJhbGciOiJIUzI1NiIsInR5cCI6IkpXVCJ9.eyJlbWFpbCI6ImFkaXR5YTk4Z3VwdGFAZ21haWwuY29tIiwicm9sZSI6ImFkbWluIiwiZXhwIjoxNzYwOTIzMTA1fQ.mt24pHt4h41WWrPzSVc4WIK_AB7bZkBlR9-wfmdzX7g added in Memcache
2025-10-20 01:11:54 [INFO] utilities.memcached_utils: Closing Memcache Connection.
2025-10-20 01:12:17 [ERROR] utilities.memcached_utils: Error while adding Bearer eyJhbGciOiJIUzI1NiIsInR5cCI6IkpXVCJ9.eyJlbWFpbCI6ImFkaXR5YTk4Z3VwdGFAZ21haWwuY29tIiwicm9sZSI6ImFkbWluIiwidXNlcm5hbWUiOiJnYWRpdHlhIiwiZXhwIjoxNzYwOTIzMzI5fQ.EayBb5tcaL83ztdKH-hlFOKT1RVKJ5MeOK8FMKW1b24 in memcache. Error Key is too long: b'QmVhcmVyIGV5SmhiR2NpT2lKSVV6STFOaUlzSW5SNWNDSTZJa3BYVkNKOS5leUpsYldGcGJDSTZJbUZrYVhSNVlUazRaM1Z3ZEdGQVoyMWhhV3d1WTI5dElpd2ljbTlzWlNJNkltRmtiV2x1SWl3aWRYTmxjbTVoYldVaU9pSm5ZV1JwZEhsaElpd2laWGh3SWpveE56WXdPVEl6TXpJNWZRLkVheUJiNXRjYUw4M3p0ZEtILWhsRk9LVDFSVktKNU1lT0s4Rk1LVzFiMjQ='
Traceback (most recent call last):
  File "/app/utilities/memcached_utils.py", line 23, in set_cache
    client.set(safe_key, value, expire)
  File "/usr/local/lib/python3.10/site-packages/pymemcache/client/base.py", line 475, in set
    return self._store_cmd(b"set", {key: value}, expire, noreply, flags=flags)[key]
  File "/usr/local/lib/python3.10/site-packages/pymemcache/client/base.py", line 1195, in _store_cmd
    key = self.check_key(key, self.key_prefix)
  File "/usr/local/lib/python3.10/site-packages/pymemcache/client/base.py", line 373, in check_key
    return check_key_helper(
  File "/usr/local/lib/python3.10/site-packages/pymemcache/client/base.py", line 117, in check_key_helper
    raise MemcacheIllegalInputError("Key is too long: %r" % key)
pymemcache.exceptions.MemcacheIllegalInputError: Key is too long: b'QmVhcmVyIGV5SmhiR2NpT2lKSVV6STFOaUlzSW5SNWNDSTZJa3BYVkNKOS5leUpsYldGcGJDSTZJbUZrYVhSNVlUazRaM1Z3ZEdGQVoyMWhhV3d1WTI5dElpd2ljbTlzWlNJNkltRmtiV2x1SWl3aWRYTmxjbTVoYldVaU9pSm5ZV1JwZEhsaElpd2laWGh3SWpveE56WXdPVEl6TXpJNWZRLkVheUJiNXRjYUw4M3p0ZEtILWhsRk9LVDFSVktKNU1lT0s4Rk1LVzFiMjQ='
2025-10-20 01:12:17 [INFO] utilities.memcached_utils: Closing Memcache Connection.
2025-10-20 01:19:09 [INFO] utilities.memcached_utils: Bearer eyJhbGciOiJIUzI1NiIsInR5cCI6IkpXVCJ9.eyJlbWFpbCI6ImFkaXR5YTk4Z3VwdGFAZ21haWwuY29tIiwicm9sZSI6ImFkbWluIiwidXNlcm5hbWUiOiJnYWRpdHlhIiwiZXhwIjoxNzYwOTIzNzE3fQ.kBAK0Z1hKsff2xOqv9Wtk261jH1P_aEHr3LaR0ElWwE added in Memcache
2025-10-20 01:19:09 [INFO] utilities.memcached_utils: Closing Memcache Connection.
2025-10-20 01:34:18 [INFO] utilities.memcached_utils: eyJhbGciOiJIUzI1NiIsInR5cCI6IkpXVCJ9.eyJlbWFpbCI6ImFkaXR5YTk4Z3VwdGFAZ21haWwuY29tIiwicm9sZSI6ImFkbWluIiwidXNlcm5hbWUiOiJnYWRpdHlhIiwiZXhwIjoxNzYwOTI0NjU4fQ.9v192uz3wOUm3BYH2r6E-6H0NZjJM913riUN6cNFGEM added in Memcache
2025-10-20 01:34:18 [INFO] utilities.memcached_utils: Closing Memcache Connection.
2025-10-20 01:34:35 [INFO] utilities.memcached_utils: Closing Memcache connection.
2025-10-20 01:34:39 [INFO] utilities.memcached_utils: Closing Memcache connection.
2025-10-20 01:35:10 [INFO] utilities.memcached_utils: Closing Memcache connection.
2025-10-20 01:35:19 [INFO] utilities.memcached_utils: Closing Memcache connection.
2025-10-20 01:35:22 [INFO] utilities.memcached_utils: Closing Memcache connection.
2025-10-20 01:36:58 [INFO] utilities.memcached_utils: eyJhbGciOiJIUzI1NiIsInR5cCI6IkpXVCJ9.eyJlbWFpbCI6ImFkaXR5YTk4Z3VwdGFAZ21haWwuY29tIiwicm9sZSI6ImFkbWluIiwidXNlcm5hbWUiOiJnYWRpdHlhIiwiZXhwIjoxNzYwOTI0ODE4fQ.oEgS6qUVoreDFTNMhpDEiCqhsjk7Dl1N3ZDnKgObq9Y added in Memcache
2025-10-20 01:36:58 [INFO] utilities.memcached_utils: Closing Memcache Connection.
2025-10-20 01:37:10 [INFO] utilities.memcached_utils: Closing Memcache connection.
2025-10-20 03:38:07 [INFO] utilities.memcached_utils: eyJhbGciOiJIUzI1NiIsInR5cCI6IkpXVCJ9.eyJlbWFpbCI6ImFkaXR5YTk4Z3VwdGFAZ21haWwuY29tIiwicm9sZSI6ImFkbWluIiwidXNlcm5hbWUiOiJnYWRpdHlhIiwiZXhwIjoxNzYwOTMyMDg3fQ.g0V4Fr7lx0h0MqwNTKYFymhOgqG9nOc6E9o0k6SntyI added in Memcache
2025-10-20 03:38:07 [INFO] utilities.memcached_utils: Closing Memcache Connection.
2025-10-20 03:38:26 [INFO] utilities.memcached_utils: Closing Memcache connection.
2025-10-20 03:43:02 [INFO] utilities.memcached_utils: eyJhbGciOiJIUzI1NiIsInR5cCI6IkpXVCJ9.eyJlbWFpbCI6ImFkaXR5YTk4Z3VwdGFAZ21haWwuY29tIiwicm9sZSI6ImFkbWluIiwidXNlcm5hbWUiOiJnYWRpdHlhIiwiZXhwIjoxNzYwOTMyMzgyfQ.IK2H510E24mD9qJNZrRhcwdAEyf49wbqfKzrmR5jIxg added in Memcache
2025-10-20 03:43:02 [INFO] utilities.memcached_utils: Closing Memcache Connection.
2025-10-20 03:43:19 [INFO] utilities.memcached_utils: Closing Memcache connection.
2025-10-20 03:45:22 [INFO] utilities.memcached_utils: Failed to get cache for key eyJhbGciOiJIUzI1NiIsInR5cCI6IkpXVCJ9.eyJlbWFpbCI6ImFkaXR5YTk4Z3VwdGFAZ21haWwuY29tIiwicm9sZSI6ImFkbWluIiwidXNlcm5hbWUiOiJnYWRpdHlhIiwiZXhwIjoxNzYwOTMyMzgyfQ.IK2H510E24mD9qJNZrRhcwdAEyf49wbqfKzrmR5jIxg. Error : 'NoneType' object has no attribute 'decode'
2025-10-20 03:45:22 [INFO] utilities.memcached_utils: Closing Memcache connection.
2025-10-20 03:45:28 [INFO] utilities.memcached_utils: Failed to get cache for key eyJhbGciOiJIUzI1NiIsInR5cCI6IkpXVCJ9.eyJlbWFpbCI6ImFkaXR5YTk4Z3VwdGFAZ21haWwuY29tIiwicm9sZSI6ImFkbWluIiwidXNlcm5hbWUiOiJnYWRpdHlhIiwiZXhwIjoxNzYwOTMyMzgyfQ.IK2H510E24mD9qJNZrRhcwdAEyf49wbqfKzrmR5jIxg. Error : 'NoneType' object has no attribute 'decode'
2025-10-20 03:45:28 [INFO] utilities.memcached_utils: Closing Memcache connection.
2025-10-20 03:45:59 [INFO] utilities.memcached_utils: Failed to get cache for key eyJhbGciOiJIUzI1NiIsInR5cCI6IkpXVCJ9.eyJlbWFpbCI6ImFkaXR5YTk4Z3VwdGFAZ21haWwuY29tIiwicm9sZSI6ImFkbWluIiwidXNlcm5hbWUiOiJnYWRpdHlhIiwiZXhwIjoxNzYwOTMyMzgyfQ.IK2H510E24mD9qJNZrRhcwdAEyf49wbqfKzrmR5jIxg. Error : 'NoneType' object has no attribute 'decode'
2025-10-20 03:45:59 [INFO] utilities.memcached_utils: Closing Memcache connection.
2025-10-20 03:46:06 [INFO] utilities.memcached_utils: Failed to get cache for key eyJhbGciOiJIUzI1NiIsInR5cCI6IkpXVCJ9.eyJlbWFpbCI6ImFkaXR5YTk4Z3VwdGFAZ21haWwuY29tIiwicm9sZSI6ImFkbWluIiwidXNlcm5hbWUiOiJnYWRpdHlhIiwiZXhwIjoxNzYwOTMyMzgyfQ.IK2H510E24mD9qJNZrRhcwdAEyf49wbqfKzrmR5jIxg. Error : 'NoneType' object has no attribute 'decode'
2025-10-20 03:46:06 [INFO] utilities.memcached_utils: Closing Memcache connection.
2025-10-20 03:46:17 [INFO] utilities.memcached_utils: eyJhbGciOiJIUzI1NiIsInR5cCI6IkpXVCJ9.eyJlbWFpbCI6ImFkaXR5YTk4Z3VwdGFAZ21haWwuY29tIiwicm9sZSI6ImFkbWluIiwidXNlcm5hbWUiOiJnYWRpdHlhIiwiZXhwIjoxNzYwOTMyNTc3fQ.Kzs3f_rldT-IRnKfXqVDCmp9IpVcPy_0i2OdFx14DGg added in Memcache
2025-10-20 03:46:17 [INFO] utilities.memcached_utils: Closing Memcache Connection.
2025-10-20 03:46:25 [INFO] utilities.memcached_utils: Failed to get cache for key eyJhbGciOiJIUzI1NiIsInR5cCI6IkpXVCJ9.eyJlbWFpbCI6ImFkaXR5YTk4Z3VwdGFAZ21haWwuY29tIiwicm9sZSI6ImFkbWluIiwidXNlcm5hbWUiOiJnYWRpdHlhIiwiZXhwIjoxNzYwOTMyNTc3fQ.Kzs3f_rldT-IRnKfXqVDCmp9IpVcPy_0i2OdFx14DGg. Error : Expecting property name enclosed in double quotes: line 1 column 2 (char 1)
2025-10-20 03:46:25 [INFO] utilities.memcached_utils: Closing Memcache connection.
2025-10-20 03:48:54 [INFO] utilities.memcached_utils: Failed to get cache for key eyJhbGciOiJIUzI1NiIsInR5cCI6IkpXVCJ9.eyJlbWFpbCI6ImFkaXR5YTk4Z3VwdGFAZ21haWwuY29tIiwicm9sZSI6ImFkbWluIiwidXNlcm5hbWUiOiJnYWRpdHlhIiwiZXhwIjoxNzYwOTMyNTc3fQ.Kzs3f_rldT-IRnKfXqVDCmp9IpVcPy_0i2OdFx14DGg. Error : malformed node or string: None
2025-10-20 03:48:54 [INFO] utilities.memcached_utils: Closing Memcache connection.
2025-10-20 03:48:57 [INFO] utilities.memcached_utils: Failed to get cache for key eyJhbGciOiJIUzI1NiIsInR5cCI6IkpXVCJ9.eyJlbWFpbCI6ImFkaXR5YTk4Z3VwdGFAZ21haWwuY29tIiwicm9sZSI6ImFkbWluIiwidXNlcm5hbWUiOiJnYWRpdHlhIiwiZXhwIjoxNzYwOTMyNTc3fQ.Kzs3f_rldT-IRnKfXqVDCmp9IpVcPy_0i2OdFx14DGg. Error : malformed node or string: None
2025-10-20 03:48:57 [INFO] utilities.memcached_utils: Closing Memcache connection.
2025-10-20 03:48:58 [INFO] utilities.memcached_utils: Failed to get cache for key eyJhbGciOiJIUzI1NiIsInR5cCI6IkpXVCJ9.eyJlbWFpbCI6ImFkaXR5YTk4Z3VwdGFAZ21haWwuY29tIiwicm9sZSI6ImFkbWluIiwidXNlcm5hbWUiOiJnYWRpdHlhIiwiZXhwIjoxNzYwOTMyNTc3fQ.Kzs3f_rldT-IRnKfXqVDCmp9IpVcPy_0i2OdFx14DGg. Error : malformed node or string: None
2025-10-20 03:48:58 [INFO] utilities.memcached_utils: Closing Memcache connection.
2025-10-20 03:51:33 [INFO] utilities.memcached_utils: Failed to get cache for key eyJhbGciOiJIUzI1NiIsInR5cCI6IkpXVCJ9.eyJlbWFpbCI6ImFkaXR5YTk4Z3VwdGFAZ21haWwuY29tIiwicm9sZSI6ImFkbWluIiwidXNlcm5hbWUiOiJnYWRpdHlhIiwiZXhwIjoxNzYwOTMyNTc3fQ.Kzs3f_rldT-IRnKfXqVDCmp9IpVcPy_0i2OdFx14DGg. Error : 'NoneType' object has no attribute 'decode'
2025-10-20 03:51:33 [INFO] utilities.memcached_utils: Closing Memcache connection.
2025-10-20 03:51:35 [INFO] utilities.memcached_utils: Failed to get cache for key eyJhbGciOiJIUzI1NiIsInR5cCI6IkpXVCJ9.eyJlbWFpbCI6ImFkaXR5YTk4Z3VwdGFAZ21haWwuY29tIiwicm9sZSI6ImFkbWluIiwidXNlcm5hbWUiOiJnYWRpdHlhIiwiZXhwIjoxNzYwOTMyNTc3fQ.Kzs3f_rldT-IRnKfXqVDCmp9IpVcPy_0i2OdFx14DGg. Error : 'NoneType' object has no attribute 'decode'
2025-10-20 03:51:35 [INFO] utilities.memcached_utils: Closing Memcache connection.
2025-10-20 03:51:40 [INFO] utilities.memcached_utils: Failed to get cache for key eyJhbGciOiJIUzI1NiIsInR5cCI6IkpXVCJ9.eyJlbWFpbCI6ImFkaXR5YTk4Z3VwdGFAZ21haWwuY29tIiwicm9sZSI6ImFkbWluIiwidXNlcm5hbWUiOiJnYWRpdHlhIiwiZXhwIjoxNzYwOTMyNTc3fQ.Kzs3f_rldT-IRnKfXqVDCmp9IpVcPy_0i2OdFx14DGg. Error : 'NoneType' object has no attribute 'decode'
2025-10-20 03:51:40 [INFO] utilities.memcached_utils: Closing Memcache connection.
2025-10-20 03:52:00 [ERROR] utilities.memcached_utils: Error while adding eyJhbGciOiJIUzI1NiIsInR5cCI6IkpXVCJ9.eyJlbWFpbCI6ImFkaXR5YTk4Z3VwdGFAZ21haWwuY29tIiwicm9sZSI6ImFkbWluIiwidXNlcm5hbWUiOiJnYWRpdHlhIiwiZXhwIjoxNzYwOTMyOTIwfQ.SwOygqa-gWy2gHqR_b68p3MspTY-20fODCujVmPbKsc in memcache. Error Object of type datetime is not JSON serializable
Traceback (most recent call last):
  File "/app/utilities/memcached_utils.py", line 24, in set_cache
    client.set(safe_key, json.dumps(value), expire)
  File "/usr/local/lib/python3.10/json/__init__.py", line 231, in dumps
    return _default_encoder.encode(obj)
  File "/usr/local/lib/python3.10/json/encoder.py", line 199, in encode
    chunks = self.iterencode(o, _one_shot=True)
  File "/usr/local/lib/python3.10/json/encoder.py", line 257, in iterencode
    return _iterencode(o, 0)
  File "/usr/local/lib/python3.10/json/encoder.py", line 179, in default
    raise TypeError(f'Object of type {o.__class__.__name__} '
TypeError: Object of type datetime is not JSON serializable
2025-10-20 03:52:00 [INFO] utilities.memcached_utils: Closing Memcache Connection.
2025-10-20 03:54:09 [INFO] utilities.memcached_utils: eyJhbGciOiJIUzI1NiIsInR5cCI6IkpXVCJ9.eyJlbWFpbCI6ImFkaXR5YTk4Z3VwdGFAZ21haWwuY29tIiwicm9sZSI6ImFkbWluIiwidXNlcm5hbWUiOiJnYWRpdHlhIiwiZXhwIjoxNzYwOTMzMDQ5fQ.wef3k9wTyNid44HmevM6kP1aPCfL3AZp-3XIA5QH7OY added in Memcache
2025-10-20 03:54:09 [INFO] utilities.memcached_utils: Closing Memcache Connection.
2025-10-20 03:54:36 [INFO] utilities.memcached_utils: Closing Memcache connection.
2025-10-20 03:54:36 [INFO] utilities.memcached_utils: Bearer eyJhbGciOiJIUzI1NiIsInR5cCI6IkpXVCJ9.eyJlbWFpbCI6ImFkaXR5YTk4Z3VwdGFAZ21haWwuY29tIiwicm9sZSI6ImFkbWluIiwidXNlcm5hbWUiOiJnYWRpdHlhIiwiZXhwIjoxNzYwOTMzMDQ5fQ.wef3k9wTyNid44HmevM6kP1aPCfL3AZp-3XIA5QH7OY added in Memcache
2025-10-20 03:54:36 [INFO] utilities.memcached_utils: Closing Memcache Connection.
2025-10-20 03:54:47 [INFO] utilities.memcached_utils: Closing Memcache connection.
2025-10-20 03:54:47 [INFO] utilities.memcached_utils: Bearer eyJhbGciOiJIUzI1NiIsInR5cCI6IkpXVCJ9.eyJlbWFpbCI6ImFkaXR5YTk4Z3VwdGFAZ21haWwuY29tIiwicm9sZSI6ImFkbWluIiwidXNlcm5hbWUiOiJnYWRpdHlhIiwiZXhwIjoxNzYwOTMzMDQ5fQ.wef3k9wTyNid44HmevM6kP1aPCfL3AZp-3XIA5QH7OY added in Memcache
2025-10-20 03:54:47 [INFO] utilities.memcached_utils: Closing Memcache Connection.
2025-10-20 03:55:00 [INFO] utilities.memcached_utils: Cache cleared from memcache.
2025-10-20 03:55:00 [INFO] utilities.memcached_utils: Closing Memcache connection.
2025-10-20 03:55:24 [INFO] utilities.memcached_utils: Closing Memcache connection.
2025-10-20 03:55:24 [INFO] utilities.memcached_utils: Bearer eyJhbGciOiJIUzI1NiIsInR5cCI6IkpXVCJ9.eyJlbWFpbCI6ImFkaXR5YTk4Z3VwdGFAZ21haWwuY29tIiwicm9sZSI6ImFkbWluIiwidXNlcm5hbWUiOiJnYWRpdHlhIiwiZXhwIjoxNzYwOTMzMDQ5fQ.wef3k9wTyNid44HmevM6kP1aPCfL3AZp-3XIA5QH7OY added in Memcache
2025-10-20 03:55:24 [INFO] utilities.memcached_utils: Closing Memcache Connection.
2025-10-20 03:55:40 [INFO] utilities.memcached_utils: Cache cleared from memcache.
2025-10-20 03:55:40 [INFO] utilities.memcached_utils: Closing Memcache connection.
2025-10-20 03:58:32 [INFO] utilities.memcached_utils: Failed to get cache for key Bearer eyJhbGciOiJIUzI1NiIsInR5cCI6IkpXVCJ9.eyJlbWFpbCI6ImFkaXR5YTk4Z3VwdGFAZ21haWwuY29tIiwicm9sZSI6ImFkbWluIiwiZXhwIjoxNzYwODg2MjcwfQ.Cf_IyUgjLAIVBHFI8LrvsJyZ534svTY03BC2vot63HM. Error : 'NoneType' object has no attribute 'decode'
2025-10-20 03:58:32 [INFO] utilities.memcached_utils: Closing Memcache connection.
2025-10-20 04:00:12 [INFO] utilities.memcached_utils: Failed to get cache for key Bearer eyJhbGciOiJIUzI1NiIsInR5cCI6IkpXVCJ9.eyJlbWFpbCI6ImFkaXR5YTk4Z3VwdGFAZ21haWwuY29tIiwicm9sZSI6ImFkbWluIiwiZXhwIjoxNzYwODg2MjcwfQ.Cf_IyUgjLAIVBHFI8LrvsJyZ534svTY03BC2vot63HM. Error : 'NoneType' object has no attribute 'decode'
2025-10-20 04:00:12 [INFO] utilities.memcached_utils: Closing Memcache connection.
2025-10-20 04:02:41 [INFO] utilities.memcached_utils: Cache cleared from memcache.
2025-10-20 04:02:41 [INFO] utilities.memcached_utils: Closing Memcache connection.
2025-10-20 04:03:21 [INFO] utilities.memcached_utils: eyJhbGciOiJIUzI1NiIsInR5cCI6IkpXVCJ9.eyJlbWFpbCI6ImFkaXR5YTk4Z3VwdGFAZ21haWwuY29tIiwicm9sZSI6ImFkbWluIiwidXNlcm5hbWUiOiJnYWRpdHlhIiwiZXhwIjoxNzYwOTMzNjAxfQ.iN4VYJ36zCN_5Cly0OhgVKb1Jt3ALfzkNrgMDdSjwXk added in Memcache
2025-10-20 04:03:21 [INFO] utilities.memcached_utils: Closing Memcache Connection.
2025-10-20 04:03:35 [INFO] utilities.memcached_utils: Closing Memcache connection.
2025-10-20 04:03:35 [INFO] utilities.memcached_utils: Bearer eyJhbGciOiJIUzI1NiIsInR5cCI6IkpXVCJ9.eyJlbWFpbCI6ImFkaXR5YTk4Z3VwdGFAZ21haWwuY29tIiwicm9sZSI6ImFkbWluIiwidXNlcm5hbWUiOiJnYWRpdHlhIiwiZXhwIjoxNzYwOTMzNjAxfQ.iN4VYJ36zCN_5Cly0OhgVKb1Jt3ALfzkNrgMDdSjwXk added in Memcache
2025-10-20 04:03:35 [INFO] utilities.memcached_utils: Closing Memcache Connection.
2025-10-20 04:03:54 [INFO] utilities.memcached_utils: Closing Memcache connection.
2025-10-20 04:03:54 [INFO] utilities.memcached_utils: Bearer eyJhbGciOiJIUzI1NiIsInR5cCI6IkpXVCJ9.eyJlbWFpbCI6ImFkaXR5YTk4Z3VwdGFAZ21haWwuY29tIiwicm9sZSI6ImFkbWluIiwidXNlcm5hbWUiOiJnYWRpdHlhIiwiZXhwIjoxNzYwOTMzNjAxfQ.iN4VYJ36zCN_5Cly0OhgVKb1Jt3ALfzkNrgMDdSjwXk added in Memcache
2025-10-20 04:03:54 [INFO] utilities.memcached_utils: Closing Memcache Connection.
2025-10-20 05:32:45 [INFO] utilities.memcached_utils: eyJhbGciOiJIUzI1NiIsInR5cCI6IkpXVCJ9.eyJlbWFpbCI6ImFkaXR5YTk4Z3VwdGFAZ21haWwuY29tIiwicm9sZSI6ImFkbWluIiwidXNlcm5hbWUiOiJnYWRpdHlhIiwiZXhwIjoxNzYwOTM4OTY1fQ.2X9bQB3NtYMbiyr9_SrAkmYOsga0q98_prMQRtQwj_I added in Memcache
2025-10-20 05:32:45 [INFO] utilities.memcached_utils: Closing Memcache Connection.
2025-10-23 06:57:40 [INFO] utilities.memcached_utils: eyJhbGciOiJIUzI1NiIsInR5cCI6IkpXVCJ9.eyJlbWFpbCI6ImFkaXR5YTk4Z3VwdGFAZ21haWwuY29tIiwicm9sZSI6ImFkbWluIiwidXNlcm5hbWUiOiJnYWRpdHlhIiwiZXhwIjoxNzYxMjAzMjYwfQ.sO8jIQldBmj7dIH6PgXilw_509nxj_Rp4sY8PKP-aW0 added in Memcache
2025-10-23 06:57:40 [INFO] utilities.memcached_utils: Closing Memcache Connection.
2025-10-23 06:57:48 [INFO] utilities.memcached_utils: eyJhbGciOiJIUzI1NiIsInR5cCI6IkpXVCJ9.eyJlbWFpbCI6ImFkaXR5YTk4Z3VwdGFAZ21haWwuY29tIiwicm9sZSI6ImFkbWluIiwidXNlcm5hbWUiOiJnYWRpdHlhIiwiZXhwIjoxNzYxMjAzMjY4fQ.aLGP3ZRSdGXbHv_Lf7B1V7kZwzg6drmXEHQ8jwzW1gg added in Memcache
2025-10-23 06:57:48 [INFO] utilities.memcached_utils: Closing Memcache Connection.
2025-10-23 06:57:50 [INFO] utilities.memcached_utils: eyJhbGciOiJIUzI1NiIsInR5cCI6IkpXVCJ9.eyJlbWFpbCI6ImFkaXR5YTk4Z3VwdGFAZ21haWwuY29tIiwicm9sZSI6ImFkbWluIiwidXNlcm5hbWUiOiJnYWRpdHlhIiwiZXhwIjoxNzYxMjAzMjcwfQ.KaCZB7vH4hMHOJxShchPg_G_ePbZUx_siff2hwDyXA4 added in Memcache
2025-10-23 06:57:50 [INFO] utilities.memcached_utils: Closing Memcache Connection.
2025-10-23 06:58:26 [INFO] utilities.memcached_utils: eyJhbGciOiJIUzI1NiIsInR5cCI6IkpXVCJ9.eyJlbWFpbCI6ImFkaXR5YTk4Z3VwdGFAZ21haWwuY29tIiwicm9sZSI6ImFkbWluIiwidXNlcm5hbWUiOiJnYWRpdHlhIiwiZXhwIjoxNzYxMjAzMzA2fQ.ARbcMbZuiG1_gFq_hNrLJiOIr0OTYDxQjXvCYDA74Pw added in Memcache
2025-10-23 06:58:26 [INFO] utilities.memcached_utils: Closing Memcache Connection.
2025-10-23 06:58:31 [INFO] utilities.memcached_utils: eyJhbGciOiJIUzI1NiIsInR5cCI6IkpXVCJ9.eyJlbWFpbCI6ImFkaXR5YTk4Z3VwdGFAZ21haWwuY29tIiwicm9sZSI6ImFkbWluIiwidXNlcm5hbWUiOiJnYWRpdHlhIiwiZXhwIjoxNzYxMjAzMzExfQ.9OZJXHpj-XuDSTx6-3PQjoCollJM6JP4YJdSbRp9h1I added in Memcache
2025-10-23 06:58:31 [INFO] utilities.memcached_utils: Closing Memcache Connection.
2025-10-23 06:58:38 [INFO] utilities.memcached_utils: eyJhbGciOiJIUzI1NiIsInR5cCI6IkpXVCJ9.eyJlbWFpbCI6ImFkaXR5YTk4Z3VwdGFAZ21haWwuY29tIiwicm9sZSI6ImFkbWluIiwidXNlcm5hbWUiOiJnYWRpdHlhIiwiZXhwIjoxNzYxMjAzMzE4fQ.uXgN27Y8DMoWco0XuwdR9mDXH7onj82y8QlAx5oMnKk added in Memcache
2025-10-23 06:58:38 [INFO] utilities.memcached_utils: Closing Memcache Connection.
2025-10-23 06:58:38 [INFO] utilities.memcached_utils: eyJhbGciOiJIUzI1NiIsInR5cCI6IkpXVCJ9.eyJlbWFpbCI6ImFkaXR5YTk4Z3VwdGFAZ21haWwuY29tIiwicm9sZSI6ImFkbWluIiwidXNlcm5hbWUiOiJnYWRpdHlhIiwiZXhwIjoxNzYxMjAzMzE4fQ.uXgN27Y8DMoWco0XuwdR9mDXH7onj82y8QlAx5oMnKk added in Memcache
2025-10-23 06:58:38 [INFO] utilities.memcached_utils: Closing Memcache Connection.
2025-10-23 07:01:14 [INFO] utilities.memcached_utils: eyJhbGciOiJIUzI1NiIsInR5cCI6IkpXVCJ9.eyJlbWFpbCI6ImFkaXR5YTk4Z3VwdGFAZ21haWwuY29tIiwicm9sZSI6ImFkbWluIiwidXNlcm5hbWUiOiJnYWRpdHlhIiwiZXhwIjoxNzYxMjAzNDc0fQ.B647InWaXtiYEgvMU0DuUhn8WN2nML_1NqhVZ3-1TEo added in Memcache
2025-10-23 07:01:14 [INFO] utilities.memcached_utils: Closing Memcache Connection.
2025-10-23 07:01:19 [INFO] utilities.memcached_utils: eyJhbGciOiJIUzI1NiIsInR5cCI6IkpXVCJ9.eyJlbWFpbCI6ImFkaXR5YTk4Z3VwdGFAZ21haWwuY29tIiwicm9sZSI6ImFkbWluIiwidXNlcm5hbWUiOiJnYWRpdHlhIiwiZXhwIjoxNzYxMjAzNDc5fQ.9bkUUXorSP4Jof8UOWo-a9oajy2Z6GnkSBLG6nivYZg added in Memcache
2025-10-23 07:01:19 [INFO] utilities.memcached_utils: Closing Memcache Connection.
2025-10-23 07:01:23 [INFO] utilities.memcached_utils: eyJhbGciOiJIUzI1NiIsInR5cCI6IkpXVCJ9.eyJlbWFpbCI6ImFkaXR5YTk4Z3VwdGFAZ21haWwuY29tIiwicm9sZSI6ImFkbWluIiwidXNlcm5hbWUiOiJnYWRpdHlhIiwiZXhwIjoxNzYxMjAzNDgzfQ.8HfMGxsChY79telurn7ZKsy91iqVqEQm-gK-HLi6PHY added in Memcache
2025-10-23 07:01:23 [INFO] utilities.memcached_utils: Closing Memcache Connection.
2025-10-23 07:01:28 [INFO] utilities.memcached_utils: eyJhbGciOiJIUzI1NiIsInR5cCI6IkpXVCJ9.eyJlbWFpbCI6ImFkaXR5YTk4Z3VwdGFAZ21haWwuY29tIiwicm9sZSI6ImFkbWluIiwidXNlcm5hbWUiOiJnYWRpdHlhIiwiZXhwIjoxNzYxMjAzNDg4fQ.7aT4_uoCqpijsvtCGumdCT99rbO4zJmlPUCuvx3gnKk added in Memcache
2025-10-23 07:01:28 [INFO] utilities.memcached_utils: Closing Memcache Connection.
2025-10-24 04:09:50 [INFO] utilities.memcached_utils: eyJhbGciOiJIUzI1NiIsInR5cCI6IkpXVCJ9.eyJlbWFpbCI6ImFkaXR5YTk4Z3VwdGFAZ21haWwuY29tIiwicm9sZSI6ImFkbWluIiwidXNlcm5hbWUiOiJnYWRpdHlhIiwiZXhwIjoxNzYxMjc5NTkwfQ.A3JpcT0J-d3_PdgSfkTHsy-DNJBwM_plwXjAJiUFzSE added in Memcache
2025-10-24 04:09:50 [INFO] utilities.memcached_utils: Closing Memcache Connection.
2025-10-24 04:10:03 [INFO] utilities.memcached_utils: Closing Memcache connection.
2025-10-24 04:10:04 [INFO] utilities.memcached_utils: Bearer eyJhbGciOiJIUzI1NiIsInR5cCI6IkpXVCJ9.eyJlbWFpbCI6ImFkaXR5YTk4Z3VwdGFAZ21haWwuY29tIiwicm9sZSI6ImFkbWluIiwidXNlcm5hbWUiOiJnYWRpdHlhIiwiZXhwIjoxNzYxMjc5NTkwfQ.A3JpcT0J-d3_PdgSfkTHsy-DNJBwM_plwXjAJiUFzSE added in Memcache
2025-10-24 04:10:04 [INFO] utilities.memcached_utils: Closing Memcache Connection.
2025-10-24 04:22:04 [INFO] utilities.memcached_utils: eyJhbGciOiJIUzI1NiIsInR5cCI6IkpXVCJ9.eyJlbWFpbCI6ImFkaXR5YTk4Z3VwdGFAZ21haWwuY29tIiwicm9sZSI6ImFkbWluIiwidXNlcm5hbWUiOiJnYWRpdHlhIiwiZXhwIjoxNzYxMjgwMzI0fQ.TY1IqP9ttoWSlJr-DXbI_LWXlGcQmJgFcObcdXdDiDw added in Memcache
2025-10-24 04:22:04 [INFO] utilities.memcached_utils: Closing Memcache Connection.
